{"E:\\eterna\\assessment-1\\eterna-assessment-1\\src\\bullmq_worker.ts": {"path":"E:\\eterna\\assessment-1\\eterna-assessment-1\\src\\bullmq_worker.ts","statementMap":{"0":{"start":{"line":8,"column":28},"end":{"line":8,"column":69}},"1":{"start":{"line":10,"column":4},"end":{"line":28,"column":6}},"2":{"start":{"line":13,"column":27},"end":{"line":13,"column":64}},"3":{"start":{"line":15,"column":12},"end":{"line":25,"column":13}},"4":{"start":{"line":16,"column":16},"end":{"line":20,"column":17}},"5":{"start":{"line":18,"column":45},"end":{"line":18,"column":118}},"6":{"start":{"line":19,"column":24},"end":{"line":19,"column":62}},"7":{"start":{"line":23,"column":16},"end":{"line":23,"column":91}},"8":{"start":{"line":24,"column":16},"end":{"line":24,"column":24}}},"fnMap":{"0":{"name":"setupBullMQProcessor","decl":{"start":{"line":7,"column":22},"end":{"line":7,"column":42}},"loc":{"start":{"line":7,"column":42},"end":{"line":29,"column":1}}},"1":{"name":"(anonymous_1)","decl":{"start":{"line":12,"column":8},"end":{"line":12,"column":13}},"loc":{"start":{"line":12,"column":20},"end":{"line":26,"column":9}}}},"branchMap":{"0":{"loc":{"start":{"line":16,"column":16},"end":{"line":20,"column":17}},"type":"switch","locations":[{"start":{"line":17,"column":20},"end":{"line":19,"column":62}}]}},"s":{"0":0,"1":0,"2":0,"3":0,"4":0,"5":0,"6":0,"7":0,"8":0},"f":{"0":0,"1":0},"b":{"0":[0]}}
,"E:\\eterna\\assessment-1\\eterna-assessment-1\\src\\di_container.ts": {"path":"E:\\eterna\\assessment-1\\eterna-assessment-1\\src\\di_container.ts","statementMap":{"0":{"start":{"line":18,"column":4},"end":{"line":18,"column":62}},"1":{"start":{"line":20,"column":4},"end":{"line":39,"column":7}},"2":{"start":{"line":21,"column":46},"end":{"line":21,"column":52}},"3":{"start":{"line":29,"column":12},"end":{"line":29,"column":56}},"4":{"start":{"line":38,"column":37},"end":{"line":38,"column":61}}},"fnMap":{"0":{"name":"setupDiContainer","decl":{"start":{"line":17,"column":16},"end":{"line":17,"column":32}},"loc":{"start":{"line":17,"column":32},"end":{"line":40,"column":1}}},"1":{"name":"(anonymous_1)","decl":{"start":{"line":21,"column":40},"end":{"line":21,"column":43}},"loc":{"start":{"line":21,"column":46},"end":{"line":21,"column":52}}},"2":{"name":"(anonymous_2)","decl":{"start":{"line":28,"column":32},"end":{"line":28,"column":33}},"loc":{"start":{"line":28,"column":111},"end":{"line":30,"column":9}}},"3":{"name":"(anonymous_3)","decl":{"start":{"line":38,"column":31},"end":{"line":38,"column":34}},"loc":{"start":{"line":38,"column":37},"end":{"line":38,"column":61}}}},"branchMap":{},"s":{"0":0,"1":0,"2":0,"3":0,"4":0},"f":{"0":0,"1":0,"2":0,"3":0},"b":{}}
,"E:\\eterna\\assessment-1\\eterna-assessment-1\\src\\logger.ts": {"path":"E:\\eterna\\assessment-1\\eterna-assessment-1\\src\\logger.ts","statementMap":{"0":{"start":{"line":3,"column":22},"end":{"line":12,"column":2}}},"fnMap":{},"branchMap":{},"s":{"0":0},"f":{},"b":{}}
,"E:\\eterna\\assessment-1\\eterna-assessment-1\\src\\prisma.ts": {"path":"E:\\eterna\\assessment-1\\eterna-assessment-1\\src\\prisma.ts","statementMap":{"0":{"start":{"line":5,"column":25},"end":{"line":5,"column":54}},"1":{"start":{"line":7,"column":16},"end":{"line":7,"column":50}},"2":{"start":{"line":8,"column":15},"end":{"line":8,"column":44}}},"fnMap":{},"branchMap":{},"s":{"0":0,"1":0,"2":0},"f":{},"b":{}}
,"E:\\eterna\\assessment-1\\eterna-assessment-1\\src\\api\\routes\\orders\\execute.ts": {"path":"E:\\eterna\\assessment-1\\eterna-assessment-1\\src\\api\\routes\\orders\\execute.ts","statementMap":{"0":{"start":{"line":7,"column":28},"end":{"line":7,"column":38}},"1":{"start":{"line":10,"column":25},"end":{"line":10,"column":74}},"2":{"start":{"line":12,"column":85},"end":{"line":12,"column":112}},"3":{"start":{"line":14,"column":20},"end":{"line":19,"column":null}},"4":{"start":{"line":22,"column":4},"end":{"line":24,"column":22}}},"fnMap":{"0":{"name":"executeRouteHandler","decl":{"start":{"line":9,"column":22},"end":{"line":9,"column":41}},"loc":{"start":{"line":9,"column":86},"end":{"line":25,"column":1}}}},"branchMap":{},"s":{"0":0,"1":0,"2":0,"3":0,"4":0},"f":{"0":0},"b":{}}
,"E:\\eterna\\assessment-1\\eterna-assessment-1\\src\\api\\routes\\orders\\progress.ts": {"path":"E:\\eterna\\assessment-1\\eterna-assessment-1\\src\\api\\routes\\orders\\progress.ts","statementMap":{"0":{"start":{"line":5,"column":29},"end":{"line":5,"column":40}},"1":{"start":{"line":8,"column":20},"end":{"line":8,"column":42}},"2":{"start":{"line":10,"column":24},"end":{"line":10,"column":54}},"3":{"start":{"line":12,"column":4},"end":{"line":21,"column":7}},"4":{"start":{"line":13,"column":8},"end":{"line":15,"column":9}},"5":{"start":{"line":14,"column":12},"end":{"line":14,"column":19}},"6":{"start":{"line":17,"column":24},"end":{"line":19,"column":10}},"7":{"start":{"line":20,"column":8},"end":{"line":20,"column":36}},"8":{"start":{"line":23,"column":4},"end":{"line":29,"column":7}},"9":{"start":{"line":24,"column":8},"end":{"line":26,"column":9}},"10":{"start":{"line":25,"column":12},"end":{"line":25,"column":19}},"11":{"start":{"line":28,"column":8},"end":{"line":28,"column":42}},"12":{"start":{"line":31,"column":4},"end":{"line":38,"column":7}},"13":{"start":{"line":32,"column":8},"end":{"line":34,"column":9}},"14":{"start":{"line":33,"column":12},"end":{"line":33,"column":19}},"15":{"start":{"line":36,"column":8},"end":{"line":36,"column":34}},"16":{"start":{"line":37,"column":8},"end":{"line":37,"column":23}},"17":{"start":{"line":40,"column":4},"end":{"line":47,"column":7}},"18":{"start":{"line":41,"column":8},"end":{"line":43,"column":9}},"19":{"start":{"line":42,"column":12},"end":{"line":42,"column":19}},"20":{"start":{"line":45,"column":8},"end":{"line":45,"column":49}},"21":{"start":{"line":46,"column":8},"end":{"line":46,"column":23}},"22":{"start":{"line":51,"column":4},"end":{"line":51,"column":48}}},"fnMap":{"0":{"name":"progressRouteHandler","decl":{"start":{"line":7,"column":16},"end":{"line":7,"column":36}},"loc":{"start":{"line":7,"column":79},"end":{"line":48,"column":1}}},"1":{"name":"(anonymous_1)","decl":{"start":{"line":12,"column":30},"end":{"line":12,"column":31}},"loc":{"start":{"line":12,"column":50},"end":{"line":21,"column":5}}},"2":{"name":"(anonymous_2)","decl":{"start":{"line":23,"column":31},"end":{"line":23,"column":32}},"loc":{"start":{"line":23,"column":51},"end":{"line":29,"column":5}}},"3":{"name":"(anonymous_3)","decl":{"start":{"line":31,"column":29},"end":{"line":31,"column":30}},"loc":{"start":{"line":31,"column":57},"end":{"line":38,"column":5}}},"4":{"name":"(anonymous_4)","decl":{"start":{"line":40,"column":32},"end":{"line":40,"column":33}},"loc":{"start":{"line":40,"column":65},"end":{"line":47,"column":5}}},"5":{"name":"isCurrentOrdersJob","decl":{"start":{"line":50,"column":9},"end":{"line":50,"column":27}},"loc":{"start":{"line":50,"column":58},"end":{"line":52,"column":1}}}},"branchMap":{"0":{"loc":{"start":{"line":13,"column":8},"end":{"line":15,"column":9}},"type":"if","locations":[{"start":{"line":13,"column":8},"end":{"line":15,"column":9}}]},"1":{"loc":{"start":{"line":24,"column":8},"end":{"line":26,"column":9}},"type":"if","locations":[{"start":{"line":24,"column":8},"end":{"line":26,"column":9}}]},"2":{"loc":{"start":{"line":32,"column":8},"end":{"line":34,"column":9}},"type":"if","locations":[{"start":{"line":32,"column":8},"end":{"line":34,"column":9}}]},"3":{"loc":{"start":{"line":41,"column":8},"end":{"line":43,"column":9}},"type":"if","locations":[{"start":{"line":41,"column":8},"end":{"line":43,"column":9}}]}},"s":{"0":0,"1":0,"2":0,"3":0,"4":0,"5":0,"6":0,"7":0,"8":0,"9":0,"10":0,"11":0,"12":0,"13":0,"14":0,"15":0,"16":0,"17":0,"18":0,"19":0,"20":0,"21":0,"22":0},"f":{"0":0,"1":0,"2":0,"3":0,"4":0,"5":0},"b":{"0":[0],"1":[0],"2":[0],"3":[0]}}
,"E:\\eterna\\assessment-1\\eterna-assessment-1\\src\\api\\routes\\orders\\router.ts": {"path":"E:\\eterna\\assessment-1\\eterna-assessment-1\\src\\api\\routes\\orders\\router.ts","statementMap":{"0":{"start":{"line":6,"column":4},"end":{"line":6,"column":52}},"1":{"start":{"line":7,"column":4},"end":{"line":7,"column":74}},"2":{"start":{"line":10,"column":33},"end":{"line":10,"column":46}}},"fnMap":{"0":{"name":"orderRoutes","decl":{"start":{"line":5,"column":22},"end":{"line":5,"column":33}},"loc":{"start":{"line":5,"column":89},"end":{"line":8,"column":1}}}},"branchMap":{},"s":{"0":0,"1":0,"2":0},"f":{"0":0},"b":{}}
,"E:\\eterna\\assessment-1\\eterna-assessment-1\\src\\application\\queue_job_processors\\execute_order_job_processor.ts": {"path":"E:\\eterna\\assessment-1\\eterna-assessment-1\\src\\application\\queue_job_processors\\execute_order_job_processor.ts","statementMap":{"0":{"start":{"line":11,"column":25},"end":{"line":11,"column":53}},"1":{"start":{"line":12,"column":25},"end":{"line":12,"column":57}},"2":{"start":{"line":16,"column":24},"end":{"line":16,"column":41}},"3":{"start":{"line":20,"column":24},"end":{"line":20,"column":65}},"4":{"start":{"line":21,"column":25},"end":{"line":21,"column":67}},"5":{"start":{"line":22,"column":23},"end":{"line":22,"column":63}},"6":{"start":{"line":25,"column":8},"end":{"line":54,"column":9}},"7":{"start":{"line":26,"column":12},"end":{"line":31,"column":15}},"8":{"start":{"line":27,"column":16},"end":{"line":30,"column":19}},"9":{"start":{"line":34,"column":12},"end":{"line":51,"column":13}},"10":{"start":{"line":35,"column":16},"end":{"line":39,"column":17}},"11":{"start":{"line":36,"column":35},"end":{"line":36,"column":82}},"12":{"start":{"line":37,"column":20},"end":{"line":37,"column":77}},"13":{"start":{"line":38,"column":20},"end":{"line":38,"column":59}},"14":{"start":{"line":41,"column":37},"end":{"line":48,"column":18}},"15":{"start":{"line":50,"column":16},"end":{"line":50,"column":46}},"16":{"start":{"line":53,"column":12},"end":{"line":53,"column":22}},"17":{"start":{"line":56,"column":23},"end":{"line":56,"column":70}},"18":{"start":{"line":57,"column":8},"end":{"line":57,"column":118}},"19":{"start":{"line":58,"column":8},"end":{"line":58,"column":47}},"20":{"start":{"line":60,"column":8},"end":{"line":69,"column":10}},"21":{"start":{"line":74,"column":4},"end":{"line":80,"column":5}},"22":{"start":{"line":76,"column":12},"end":{"line":76,"column":51}},"23":{"start":{"line":79,"column":12},"end":{"line":79,"column":47}}},"fnMap":{"0":{"name":"(anonymous_0)","decl":{"start":{"line":10,"column":4},"end":{"line":10,"column":null}},"loc":{"start":{"line":12,"column":57},"end":{"line":13,"column":8}}},"1":{"name":"(anonymous_1)","decl":{"start":{"line":15,"column":4},"end":{"line":15,"column":9}},"loc":{"start":{"line":15,"column":31},"end":{"line":70,"column":5}}},"2":{"name":"(anonymous_2)","decl":{"start":{"line":26,"column":95},"end":{"line":26,"column":100}},"loc":{"start":{"line":26,"column":121},"end":{"line":31,"column":13}}},"3":{"name":"mapToDomainFailureReason","decl":{"start":{"line":73,"column":9},"end":{"line":73,"column":33}},"loc":{"start":{"line":73,"column":67},"end":{"line":81,"column":1}}}},"branchMap":{"0":{"loc":{"start":{"line":34,"column":12},"end":{"line":51,"column":13}},"type":"if","locations":[{"start":{"line":34,"column":12},"end":{"line":51,"column":13}}]},"1":{"loc":{"start":{"line":35,"column":16},"end":{"line":39,"column":17}},"type":"if","locations":[{"start":{"line":35,"column":16},"end":{"line":39,"column":17}}]},"2":{"loc":{"start":{"line":74,"column":4},"end":{"line":80,"column":5}},"type":"switch","locations":[{"start":{"line":75,"column":8},"end":{"line":76,"column":51}},{"start":{"line":78,"column":8},"end":{"line":79,"column":47}}]}},"s":{"0":0,"1":0,"2":0,"3":0,"4":0,"5":0,"6":0,"7":0,"8":0,"9":0,"10":0,"11":0,"12":0,"13":0,"14":0,"15":0,"16":0,"17":0,"18":0,"19":0,"20":0,"21":0,"22":0,"23":0},"f":{"0":0,"1":0,"2":0,"3":0},"b":{"0":[0],"1":[0],"2":[0,0]}}
,"E:\\eterna\\assessment-1\\eterna-assessment-1\\src\\application\\services\\order_service.ts": {"path":"E:\\eterna\\assessment-1\\eterna-assessment-1\\src\\application\\services\\order_service.ts","statementMap":{"0":{"start":{"line":10,"column":25},"end":{"line":10,"column":57}},"1":{"start":{"line":11,"column":25},"end":{"line":11,"column":42}},"2":{"start":{"line":15,"column":22},"end":{"line":15,"column":105}},"3":{"start":{"line":17,"column":8},"end":{"line":17,"column":47}},"4":{"start":{"line":19,"column":22},"end":{"line":19,"column":49}},"5":{"start":{"line":20,"column":24},"end":{"line":25,"column":10}},"6":{"start":{"line":26,"column":8},"end":{"line":26,"column":65}},"7":{"start":{"line":28,"column":8},"end":{"line":28,"column":24}}},"fnMap":{"0":{"name":"(anonymous_0)","decl":{"start":{"line":9,"column":4},"end":{"line":9,"column":null}},"loc":{"start":{"line":11,"column":42},"end":{"line":12,"column":8}}},"1":{"name":"(anonymous_1)","decl":{"start":{"line":14,"column":4},"end":{"line":14,"column":9}},"loc":{"start":{"line":14,"column":131},"end":{"line":29,"column":5}}}},"branchMap":{},"s":{"0":0,"1":0,"2":0,"3":0,"4":0,"5":0,"6":0,"7":0},"f":{"0":0,"1":0},"b":{}}
,"E:\\eterna\\assessment-1\\eterna-assessment-1\\src\\domain\\dex_registry.ts": {"path":"E:\\eterna\\assessment-1\\eterna-assessment-1\\src\\domain\\dex_registry.ts","statementMap":{"0":{"start":{"line":9,"column":8},"end":{"line":9,"column":45}},"1":{"start":{"line":10,"column":8},"end":{"line":12,"column":9}},"2":{"start":{"line":11,"column":12},"end":{"line":11,"column":41}},"3":{"start":{"line":16,"column":8},"end":{"line":16,"column":46}},"4":{"start":{"line":21,"column":8},"end":{"line":21,"column":36}}},"fnMap":{"0":{"name":"(anonymous_0)","decl":{"start":{"line":6,"column":4},"end":{"line":6,"column":null}},"loc":{"start":{"line":7,"column":20},"end":{"line":13,"column":5}}},"1":{"name":"(anonymous_1)","decl":{"start":{"line":15,"column":4},"end":{"line":15,"column":8}},"loc":{"start":{"line":15,"column":13},"end":{"line":17,"column":5}}},"2":{"name":"(anonymous_2)","decl":{"start":{"line":20,"column":4},"end":{"line":20,"column":10}},"loc":{"start":{"line":20,"column":21},"end":{"line":22,"column":5}}}},"branchMap":{},"s":{"0":6,"1":6,"2":12,"3":6,"4":0},"f":{"0":6,"1":6,"2":0},"b":{}}
,"E:\\eterna\\assessment-1\\eterna-assessment-1\\src\\domain\\dex_router.ts": {"path":"E:\\eterna\\assessment-1\\eterna-assessment-1\\src\\domain\\dex_router.ts","statementMap":{"0":{"start":{"line":8,"column":51},"end":{"line":8,"column":60}},"1":{"start":{"line":11,"column":25},"end":{"line":11,"column":49}},"2":{"start":{"line":15,"column":30},"end":{"line":20,"column":10}},"3":{"start":{"line":16,"column":12},"end":{"line":19,"column":15}},"4":{"start":{"line":21,"column":60},"end":{"line":21,"column":92}},"5":{"start":{"line":22,"column":32},"end":{"line":24,"column":30}},"6":{"start":{"line":23,"column":27},"end":{"line":23,"column":67}},"7":{"start":{"line":26,"column":8},"end":{"line":28,"column":9}},"8":{"start":{"line":27,"column":12},"end":{"line":27,"column":24}},"9":{"start":{"line":30,"column":36},"end":{"line":30,"column":37}},"10":{"start":{"line":31,"column":8},"end":{"line":41,"column":9}},"11":{"start":{"line":31,"column":21},"end":{"line":31,"column":22}},"12":{"start":{"line":32,"column":26},"end":{"line":32,"column":35}},"13":{"start":{"line":34,"column":12},"end":{"line":36,"column":13}},"14":{"start":{"line":35,"column":16},"end":{"line":35,"column":25}},"15":{"start":{"line":38,"column":12},"end":{"line":40,"column":13}},"16":{"start":{"line":39,"column":16},"end":{"line":39,"column":34}},"17":{"start":{"line":47,"column":8},"end":{"line":47,"column":38}}},"fnMap":{"0":{"name":"(anonymous_0)","decl":{"start":{"line":10,"column":4},"end":{"line":10,"column":null}},"loc":{"start":{"line":11,"column":49},"end":{"line":12,"column":8}}},"1":{"name":"(anonymous_1)","decl":{"start":{"line":14,"column":4},"end":{"line":14,"column":9}},"loc":{"start":{"line":14,"column":86},"end":{"line":48,"column":5}}},"2":{"name":"(anonymous_2)","decl":{"start":{"line":15,"column":57},"end":{"line":15,"column":58}},"loc":{"start":{"line":15,"column":65},"end":{"line":20,"column":9}}},"3":{"name":"(anonymous_3)","decl":{"start":{"line":23,"column":20},"end":{"line":23,"column":21}},"loc":{"start":{"line":23,"column":27},"end":{"line":23,"column":67}}}},"branchMap":{"0":{"loc":{"start":{"line":23,"column":27},"end":{"line":23,"column":67}},"type":"binary-expr","locations":[{"start":{"line":23,"column":27},"end":{"line":23,"column":42}},{"start":{"line":23,"column":46},"end":{"line":23,"column":67}}]},"1":{"loc":{"start":{"line":26,"column":8},"end":{"line":28,"column":9}},"type":"if","locations":[{"start":{"line":26,"column":8},"end":{"line":28,"column":9}}]},"2":{"loc":{"start":{"line":34,"column":12},"end":{"line":36,"column":13}},"type":"if","locations":[{"start":{"line":34,"column":12},"end":{"line":36,"column":13}}]},"3":{"loc":{"start":{"line":34,"column":16},"end":{"line":34,"column":48}},"type":"binary-expr","locations":[{"start":{"line":34,"column":16},"end":{"line":34,"column":22}},{"start":{"line":34,"column":26},"end":{"line":34,"column":48}}]},"4":{"loc":{"start":{"line":38,"column":12},"end":{"line":40,"column":13}},"type":"if","locations":[{"start":{"line":38,"column":12},"end":{"line":40,"column":13}}]}},"s":{"0":2,"1":6,"2":6,"3":12,"4":6,"5":5,"6":10,"7":5,"8":1,"9":4,"10":4,"11":4,"12":3,"13":3,"14":0,"15":3,"16":3,"17":4},"f":{"0":6,"1":6,"2":12,"3":10},"b":{"0":[10,9],"1":[1],"2":[0],"3":[3,3],"4":[3]}}
,"E:\\eterna\\assessment-1\\eterna-assessment-1\\src\\domain\\order_executor.ts": {"path":"E:\\eterna\\assessment-1\\eterna-assessment-1\\src\\domain\\order_executor.ts","statementMap":{"0":{"start":{"line":20,"column":25},"end":{"line":20,"column":49}},"1":{"start":{"line":21,"column":25},"end":{"line":21,"column":45}},"2":{"start":{"line":22,"column":25},"end":{"line":22,"column":39}},"3":{"start":{"line":26,"column":29},"end":{"line":26,"column":109}},"4":{"start":{"line":28,"column":25},"end":{"line":28,"column":61}},"5":{"start":{"line":30,"column":32},"end":{"line":30,"column":102}},"6":{"start":{"line":32,"column":40},"end":{"line":32,"column":112}},"7":{"start":{"line":34,"column":8},"end":{"line":40,"column":11}},"8":{"start":{"line":44,"column":8},"end":{"line":44,"column":53}},"9":{"start":{"line":45,"column":8},"end":{"line":45,"column":75}},"10":{"start":{"line":48,"column":8},"end":{"line":57,"column":9}},"11":{"start":{"line":49,"column":12},"end":{"line":49,"column":93}},"12":{"start":{"line":52,"column":12},"end":{"line":54,"column":13}},"13":{"start":{"line":53,"column":16},"end":{"line":53,"column":85}},"14":{"start":{"line":56,"column":12},"end":{"line":56,"column":20}},"15":{"start":{"line":59,"column":8},"end":{"line":64,"column":9}},"16":{"start":{"line":60,"column":26},"end":{"line":60,"column":140}},"17":{"start":{"line":61,"column":12},"end":{"line":61,"column":70}},"18":{"start":{"line":63,"column":12},"end":{"line":63,"column":24}},"19":{"start":{"line":66,"column":8},"end":{"line":66,"column":75}},"20":{"start":{"line":68,"column":8},"end":{"line":68,"column":21}},"21":{"start":{"line":72,"column":8},"end":{"line":72,"column":54}},"22":{"start":{"line":73,"column":8},"end":{"line":73,"column":111}},"23":{"start":{"line":75,"column":22},"end":{"line":75,"column":83}},"24":{"start":{"line":76,"column":28},"end":{"line":77,"column":null}},"25":{"start":{"line":81,"column":8},"end":{"line":90,"column":9}},"26":{"start":{"line":82,"column":12},"end":{"line":82,"column":125}},"27":{"start":{"line":85,"column":12},"end":{"line":87,"column":13}},"28":{"start":{"line":86,"column":16},"end":{"line":86,"column":90}},"29":{"start":{"line":89,"column":12},"end":{"line":89,"column":20}},"30":{"start":{"line":91,"column":8},"end":{"line":91,"column":55}},"31":{"start":{"line":92,"column":8},"end":{"line":92,"column":141}},"32":{"start":{"line":94,"column":8},"end":{"line":94,"column":31}},"33":{"start":{"line":99,"column":8},"end":{"line":108,"column":9}},"34":{"start":{"line":100,"column":12},"end":{"line":100,"column":98}},"35":{"start":{"line":103,"column":12},"end":{"line":105,"column":13}},"36":{"start":{"line":104,"column":16},"end":{"line":104,"column":69}},"37":{"start":{"line":107,"column":12},"end":{"line":107,"column":20}},"38":{"start":{"line":109,"column":8},"end":{"line":109,"column":165}},"39":{"start":{"line":111,"column":8},"end":{"line":114,"column":10}},"40":{"start":{"line":120,"column":0},"end":{"line":120,"column":null}},"41":{"start":{"line":121,"column":4},"end":{"line":121,"column":null}},"42":{"start":{"line":122,"column":4},"end":{"line":122,"column":null}},"43":{"start":{"line":123,"column":4},"end":{"line":123,"column":null}},"44":{"start":{"line":126,"column":0},"end":{"line":126,"column":null}},"45":{"start":{"line":127,"column":4},"end":{"line":127,"column":null}},"46":{"start":{"line":128,"column":4},"end":{"line":128,"column":null}},"47":{"start":{"line":137,"column":8},"end":{"line":137,"column":23}},"48":{"start":{"line":133,"column":17},"end":{"line":133,"column":50}},"49":{"start":{"line":135,"column":17},"end":{"line":135,"column":30}}},"fnMap":{"0":{"name":"(anonymous_0)","decl":{"start":{"line":19,"column":4},"end":{"line":19,"column":null}},"loc":{"start":{"line":22,"column":39},"end":{"line":23,"column":8}}},"1":{"name":"(anonymous_1)","decl":{"start":{"line":25,"column":4},"end":{"line":25,"column":9}},"loc":{"start":{"line":25,"column":139},"end":{"line":41,"column":5}}},"2":{"name":"(anonymous_2)","decl":{"start":{"line":43,"column":12},"end":{"line":43,"column":17}},"loc":{"start":{"line":43,"column":150},"end":{"line":69,"column":5}}},"3":{"name":"(anonymous_3)","decl":{"start":{"line":71,"column":12},"end":{"line":71,"column":17}},"loc":{"start":{"line":71,"column":137},"end":{"line":95,"column":5}}},"4":{"name":"(anonymous_4)","decl":{"start":{"line":97,"column":12},"end":{"line":97,"column":17}},"loc":{"start":{"line":97,"column":121},"end":{"line":115,"column":5}}},"5":{"name":"(anonymous_5)","decl":{"start":{"line":120,"column":0},"end":{"line":120,"column":6}},"loc":{"start":{"line":120,"column":30},"end":{"line":124,"column":1}}},"6":{"name":"(anonymous_6)","decl":{"start":{"line":126,"column":0},"end":{"line":126,"column":6}},"loc":{"start":{"line":126,"column":37},"end":{"line":129,"column":1}}},"7":{"name":"(anonymous_7)","decl":{"start":{"line":132,"column":4},"end":{"line":132,"column":null}},"loc":{"start":{"line":135,"column":30},"end":{"line":138,"column":5}}}},"branchMap":{"0":{"loc":{"start":{"line":52,"column":12},"end":{"line":54,"column":13}},"type":"if","locations":[{"start":{"line":52,"column":12},"end":{"line":54,"column":13}}]},"1":{"loc":{"start":{"line":59,"column":8},"end":{"line":64,"column":9}},"type":"if","locations":[{"start":{"line":59,"column":8},"end":{"line":64,"column":9}}]},"2":{"loc":{"start":{"line":85,"column":12},"end":{"line":87,"column":13}},"type":"if","locations":[{"start":{"line":85,"column":12},"end":{"line":87,"column":13}}]},"3":{"loc":{"start":{"line":103,"column":12},"end":{"line":105,"column":13}},"type":"if","locations":[{"start":{"line":103,"column":12},"end":{"line":105,"column":13}}]},"4":{"loc":{"start":{"line":120,"column":12},"end":{"line":120,"column":null}},"type":"binary-expr","locations":[{"start":{"line":120,"column":12},"end":{"line":120,"column":30}},{"start":{"line":120,"column":12},"end":{"line":120,"column":null}}]},"5":{"loc":{"start":{"line":126,"column":12},"end":{"line":126,"column":null}},"type":"binary-expr","locations":[{"start":{"line":126,"column":12},"end":{"line":126,"column":37}},{"start":{"line":126,"column":12},"end":{"line":126,"column":null}}]}},"s":{"0":6,"1":6,"2":6,"3":7,"4":4,"5":4,"6":3,"7":2,"8":7,"9":7,"10":7,"11":7,"12":1,"13":1,"14":1,"15":6,"16":2,"17":2,"18":2,"19":4,"20":4,"21":4,"22":4,"23":4,"24":4,"25":4,"26":4,"27":1,"28":1,"29":1,"30":3,"31":3,"32":3,"33":3,"34":3,"35":1,"36":1,"37":1,"38":2,"39":2,"40":1,"41":1,"42":1,"43":1,"44":1,"45":1,"46":1,"47":2,"48":2,"49":2},"f":{"0":6,"1":7,"2":7,"3":4,"4":3,"5":1,"6":1,"7":2},"b":{"0":[1],"1":[2],"2":[1],"3":[1],"4":[1,1],"5":[1,1]}}
,"E:\\eterna\\assessment-1\\eterna-assessment-1\\src\\domain\\order\\order.ts": {"path":"E:\\eterna\\assessment-1\\eterna-assessment-1\\src\\domain\\order\\order.ts","statementMap":{"0":{"start":{"line":47,"column":8},"end":{"line":47,"column":27}},"1":{"start":{"line":49,"column":8},"end":{"line":49,"column":35}},"2":{"start":{"line":51,"column":8},"end":{"line":51,"column":37}},"3":{"start":{"line":52,"column":8},"end":{"line":52,"column":51}},"4":{"start":{"line":53,"column":8},"end":{"line":53,"column":39}},"5":{"start":{"line":54,"column":8},"end":{"line":54,"column":53}},"6":{"start":{"line":56,"column":8},"end":{"line":56,"column":39}},"7":{"start":{"line":58,"column":8},"end":{"line":58,"column":52}},"8":{"start":{"line":59,"column":8},"end":{"line":59,"column":33}},"9":{"start":{"line":60,"column":8},"end":{"line":60,"column":35}},"10":{"start":{"line":61,"column":8},"end":{"line":61,"column":48}},"11":{"start":{"line":62,"column":8},"end":{"line":62,"column":51}},"12":{"start":{"line":65,"column":8},"end":{"line":65,"column":45}},"13":{"start":{"line":66,"column":8},"end":{"line":66,"column":49}},"14":{"start":{"line":70,"column":8},"end":{"line":91,"column":11}},"15":{"start":{"line":95,"column":8},"end":{"line":97,"column":9}},"16":{"start":{"line":96,"column":12},"end":{"line":96,"column":55}},"17":{"start":{"line":99,"column":8},"end":{"line":99,"column":47}},"18":{"start":{"line":100,"column":8},"end":{"line":100,"column":27}},"19":{"start":{"line":101,"column":8},"end":{"line":101,"column":29}},"20":{"start":{"line":102,"column":8},"end":{"line":102,"column":33}},"21":{"start":{"line":103,"column":8},"end":{"line":103,"column":40}},"22":{"start":{"line":105,"column":8},"end":{"line":105,"column":48}},"23":{"start":{"line":107,"column":8},"end":{"line":107,"column":44}},"24":{"start":{"line":111,"column":8},"end":{"line":113,"column":9}},"25":{"start":{"line":112,"column":12},"end":{"line":112,"column":55}},"26":{"start":{"line":115,"column":8},"end":{"line":115,"column":41}},"27":{"start":{"line":116,"column":8},"end":{"line":116,"column":43}},"28":{"start":{"line":120,"column":0},"end":{"line":120,"column":null}},"29":{"start":{"line":121,"column":4},"end":{"line":121,"column":null}},"30":{"start":{"line":122,"column":4},"end":{"line":122,"column":null}},"31":{"start":{"line":123,"column":4},"end":{"line":123,"column":null}},"32":{"start":{"line":126,"column":0},"end":{"line":126,"column":null}},"33":{"start":{"line":127,"column":4},"end":{"line":127,"column":null}},"34":{"start":{"line":128,"column":4},"end":{"line":128,"column":null}},"35":{"start":{"line":133,"column":8},"end":{"line":133,"column":null}}},"fnMap":{"0":{"name":"(anonymous_0)","decl":{"start":{"line":26,"column":4},"end":{"line":26,"column":16}},"loc":{"start":{"line":46,"column":5},"end":{"line":67,"column":5}}},"1":{"name":"(anonymous_1)","decl":{"start":{"line":69,"column":4},"end":{"line":69,"column":10}},"loc":{"start":{"line":69,"column":132},"end":{"line":92,"column":5}}},"2":{"name":"(anonymous_2)","decl":{"start":{"line":94,"column":4},"end":{"line":94,"column":19}},"loc":{"start":{"line":94,"column":106},"end":{"line":108,"column":5}}},"3":{"name":"(anonymous_3)","decl":{"start":{"line":110,"column":4},"end":{"line":110,"column":16}},"loc":{"start":{"line":110,"column":50},"end":{"line":117,"column":5}}},"4":{"name":"(anonymous_4)","decl":{"start":{"line":120,"column":0},"end":{"line":120,"column":6}},"loc":{"start":{"line":120,"column":23},"end":{"line":124,"column":1}}},"5":{"name":"(anonymous_5)","decl":{"start":{"line":126,"column":0},"end":{"line":126,"column":6}},"loc":{"start":{"line":126,"column":30},"end":{"line":129,"column":1}}},"6":{"name":"(anonymous_6)","decl":{"start":{"line":132,"column":4},"end":{"line":132,"column":null}},"loc":{"start":{"line":132,"column":4},"end":{"line":134,"column":5}}}},"branchMap":{"0":{"loc":{"start":{"line":95,"column":8},"end":{"line":97,"column":9}},"type":"if","locations":[{"start":{"line":95,"column":8},"end":{"line":97,"column":9}}]},"1":{"loc":{"start":{"line":111,"column":8},"end":{"line":113,"column":9}},"type":"if","locations":[{"start":{"line":111,"column":8},"end":{"line":113,"column":9}}]},"2":{"loc":{"start":{"line":120,"column":12},"end":{"line":120,"column":null}},"type":"binary-expr","locations":[{"start":{"line":120,"column":12},"end":{"line":120,"column":23}},{"start":{"line":120,"column":12},"end":{"line":120,"column":null}}]},"3":{"loc":{"start":{"line":126,"column":12},"end":{"line":126,"column":null}},"type":"binary-expr","locations":[{"start":{"line":126,"column":12},"end":{"line":126,"column":30}},{"start":{"line":126,"column":12},"end":{"line":126,"column":null}}]}},"s":{"0":9,"1":9,"2":9,"3":9,"4":9,"5":9,"6":9,"7":9,"8":9,"9":9,"10":9,"11":9,"12":9,"13":9,"14":8,"15":5,"16":2,"17":3,"18":3,"19":3,"20":3,"21":3,"22":3,"23":3,"24":6,"25":2,"26":4,"27":4,"28":1,"29":1,"30":1,"31":1,"32":1,"33":1,"34":1,"35":5},"f":{"0":9,"1":8,"2":5,"3":6,"4":1,"5":1,"6":5},"b":{"0":[2],"1":[2],"2":[1,1],"3":[1,1]}}
,"E:\\eterna\\assessment-1\\eterna-assessment-1\\src\\generated\\prisma\\client.ts": {"path":"E:\\eterna\\assessment-1\\eterna-assessment-1\\src\\generated\\prisma\\client.ts","statementMap":{"0":{"start":{"line":16,"column":0},"end":{"line":16,"column":null}},"1":{"start":{"line":38,"column":28},"end":{"line":38,"column":57}}},"fnMap":{},"branchMap":{},"s":{"0":0,"1":0},"f":{},"b":{}}
,"E:\\eterna\\assessment-1\\eterna-assessment-1\\src\\generated\\prisma\\enums.ts": {"path":"E:\\eterna\\assessment-1\\eterna-assessment-1\\src\\generated\\prisma\\enums.ts","statementMap":{"0":{"start":{"line":12,"column":27},"end":{"line":16,"column":null}},"1":{"start":{"line":21,"column":34},"end":{"line":24,"column":null}},"2":{"start":{"line":29,"column":19},"end":{"line":32,"column":null}}},"fnMap":{},"branchMap":{},"s":{"0":0,"1":0,"2":0},"f":{},"b":{}}
,"E:\\eterna\\assessment-1\\eterna-assessment-1\\src\\generated\\prisma\\internal\\class.ts": {"path":"E:\\eterna\\assessment-1\\eterna-assessment-1\\src\\generated\\prisma\\internal\\class.ts","statementMap":{"0":{"start":{"line":18,"column":46},"end":{"line":29,"column":null}},"1":{"start":{"line":31,"column":0},"end":{"line":31,"column":null}},"2":{"start":{"line":34,"column":21},"end":{"line":34,"column":48}},"3":{"start":{"line":35,"column":20},"end":{"line":35,"column":53}},"4":{"start":{"line":36,"column":2},"end":{"line":36,"column":null}},"5":{"start":{"line":39,"column":0},"end":{"line":46,"column":null}},"6":{"start":{"line":40,"column":26},"end":{"line":40,"column":97}},"7":{"start":{"line":43,"column":21},"end":{"line":43,"column":104}},"8":{"start":{"line":44,"column":4},"end":{"line":44,"column":null}},"9":{"start":{"line":189,"column":2},"end":{"line":189,"column":null}}},"fnMap":{"0":{"name":"decodeBase64AsWasm","decl":{"start":{"line":33,"column":15},"end":{"line":33,"column":33}},"loc":{"start":{"line":33,"column":52},"end":{"line":37,"column":1}}},"1":{"name":"(anonymous_1)","decl":{"start":{"line":40,"column":14},"end":{"line":40,"column":19}},"loc":{"start":{"line":40,"column":26},"end":{"line":40,"column":97}}},"2":{"name":"(anonymous_2)","decl":{"start":{"line":42,"column":30},"end":{"line":42,"column":35}},"loc":{"start":{"line":42,"column":41},"end":{"line":45,"column":3}}},"3":{"name":"getPrismaClientClass","decl":{"start":{"line":188,"column":16},"end":{"line":188,"column":36}},"loc":{"start":{"line":188,"column":36},"end":{"line":190,"column":1}}}},"branchMap":{},"s":{"0":0,"1":0,"2":0,"3":0,"4":0,"5":0,"6":0,"7":0,"8":0,"9":0},"f":{"0":0,"1":0,"2":0,"3":0},"b":{}}
,"E:\\eterna\\assessment-1\\eterna-assessment-1\\src\\generated\\prisma\\internal\\prismaNamespace.ts": {"path":"E:\\eterna\\assessment-1\\eterna-assessment-1\\src\\generated\\prisma\\internal\\prismaNamespace.ts","statementMap":{"0":{"start":{"line":32,"column":45},"end":{"line":32,"column":82}},"1":{"start":{"line":35,"column":47},"end":{"line":35,"column":86}},"2":{"start":{"line":38,"column":42},"end":{"line":38,"column":76}},"3":{"start":{"line":41,"column":47},"end":{"line":41,"column":86}},"4":{"start":{"line":44,"column":43},"end":{"line":44,"column":78}},"5":{"start":{"line":50,"column":19},"end":{"line":50,"column":33}},"6":{"start":{"line":51,"column":21},"end":{"line":51,"column":34}},"7":{"start":{"line":52,"column":20},"end":{"line":52,"column":32}},"8":{"start":{"line":53,"column":19},"end":{"line":53,"column":30}},"9":{"start":{"line":54,"column":19},"end":{"line":54,"column":30}},"10":{"start":{"line":62,"column":23},"end":{"line":62,"column":38}},"11":{"start":{"line":71,"column":35},"end":{"line":71,"column":73}},"12":{"start":{"line":86,"column":44},"end":{"line":89,"column":null}},"13":{"start":{"line":104,"column":25},"end":{"line":108,"column":null}},"14":{"start":{"line":114,"column":22},"end":{"line":114,"column":36}},"15":{"start":{"line":121,"column":24},"end":{"line":121,"column":40}},"16":{"start":{"line":128,"column":23},"end":{"line":128,"column":38}},"17":{"start":{"line":386,"column":25},"end":{"line":388,"column":null}},"18":{"start":{"line":510,"column":41},"end":{"line":515,"column":11}},"19":{"start":{"line":520,"column":40},"end":{"line":537,"column":null}},"20":{"start":{"line":542,"column":25},"end":{"line":545,"column":null}},"21":{"start":{"line":550,"column":25},"end":{"line":553,"column":null}},"22":{"start":{"line":558,"column":26},"end":{"line":561,"column":null}},"23":{"start":{"line":690,"column":31},"end":{"line":690,"column":175}}},"fnMap":{},"branchMap":{},"s":{"0":0,"1":0,"2":0,"3":0,"4":0,"5":0,"6":0,"7":0,"8":0,"9":0,"10":0,"11":0,"12":0,"13":0,"14":0,"15":0,"16":0,"17":0,"18":0,"19":0,"20":0,"21":0,"22":0,"23":0},"f":{},"b":{}}
,"E:\\eterna\\assessment-1\\eterna-assessment-1\\src\\generated\\prisma\\internal\\prismaNamespaceBrowser.ts": {"path":"E:\\eterna\\assessment-1\\eterna-assessment-1\\src\\generated\\prisma\\internal\\prismaNamespaceBrowser.ts","statementMap":{"0":{"start":{"line":23,"column":23},"end":{"line":23,"column":38}},"1":{"start":{"line":26,"column":25},"end":{"line":30,"column":null}},"2":{"start":{"line":36,"column":22},"end":{"line":36,"column":36}},"3":{"start":{"line":43,"column":24},"end":{"line":43,"column":40}},"4":{"start":{"line":50,"column":23},"end":{"line":50,"column":38}},"5":{"start":{"line":53,"column":25},"end":{"line":55,"column":null}},"6":{"start":{"line":63,"column":41},"end":{"line":68,"column":null}},"7":{"start":{"line":73,"column":40},"end":{"line":90,"column":null}},"8":{"start":{"line":95,"column":25},"end":{"line":98,"column":null}},"9":{"start":{"line":103,"column":25},"end":{"line":106,"column":null}},"10":{"start":{"line":111,"column":26},"end":{"line":114,"column":null}}},"fnMap":{},"branchMap":{},"s":{"0":0,"1":0,"2":0,"3":0,"4":0,"5":0,"6":0,"7":0,"8":0,"9":0,"10":0},"f":{},"b":{}}
,"E:\\eterna\\assessment-1\\eterna-assessment-1\\src\\infrastructure\\dexes\\meteora_dex_adapter.ts": {"path":"E:\\eterna\\assessment-1\\eterna-assessment-1\\src\\infrastructure\\dexes\\meteora_dex_adapter.ts","statementMap":{"0":{"start":{"line":12,"column":25},"end":{"line":12,"column":47}},"1":{"start":{"line":14,"column":8},"end":{"line":14,"column":43}},"2":{"start":{"line":18,"column":8},"end":{"line":18,"column":25}},"3":{"start":{"line":22,"column":25},"end":{"line":22,"column":55}},"4":{"start":{"line":23,"column":8},"end":{"line":26,"column":11}},"5":{"start":{"line":24,"column":10},"end":{"line":25,"column":127}},"6":{"start":{"line":28,"column":35},"end":{"line":28,"column":99}},"7":{"start":{"line":28,"column":57},"end":{"line":28,"column":98}},"8":{"start":{"line":29,"column":23},"end":{"line":38,"column":24}},"9":{"start":{"line":30,"column":32},"end":{"line":38,"column":24}},"10":{"start":{"line":40,"column":8},"end":{"line":40,"column":22}},"11":{"start":{"line":44,"column":26},"end":{"line":44,"column":67}},"12":{"start":{"line":46,"column":29},"end":{"line":48,"column":null}},"13":{"start":{"line":51,"column":30},"end":{"line":51,"column":130}},"14":{"start":{"line":52,"column":30},"end":{"line":52,"column":130}},"15":{"start":{"line":54,"column":31},"end":{"line":54,"column":51}},"16":{"start":{"line":55,"column":32},"end":{"line":55,"column":52}},"17":{"start":{"line":57,"column":23},"end":{"line":76,"column":10}},"18":{"start":{"line":79,"column":8},"end":{"line":90,"column":9}},"19":{"start":{"line":80,"column":12},"end":{"line":82,"column":15}},"20":{"start":{"line":84,"column":12},"end":{"line":87,"column":13}},"21":{"start":{"line":85,"column":29},"end":{"line":85,"column":61}},"22":{"start":{"line":86,"column":16},"end":{"line":86,"column":58}},"23":{"start":{"line":89,"column":12},"end":{"line":89,"column":20}},"24":{"start":{"line":92,"column":8},"end":{"line":92,"column":27}},"25":{"start":{"line":96,"column":8},"end":{"line":96,"column":79}},"26":{"start":{"line":98,"column":40},"end":{"line":98,"column":118}},"27":{"start":{"line":100,"column":8},"end":{"line":103,"column":null}},"28":{"start":{"line":108,"column":29},"end":{"line":110,"column":null}},"29":{"start":{"line":113,"column":30},"end":{"line":113,"column":130}},"30":{"start":{"line":114,"column":30},"end":{"line":114,"column":130}},"31":{"start":{"line":116,"column":22},"end":{"line":126,"column":10}},"32":{"start":{"line":128,"column":8},"end":{"line":128,"column":21}}},"fnMap":{"0":{"name":"(anonymous_0)","decl":{"start":{"line":11,"column":4},"end":{"line":11,"column":null}},"loc":{"start":{"line":12,"column":47},"end":{"line":15,"column":5}}},"1":{"name":"(anonymous_1)","decl":{"start":{"line":17,"column":4},"end":{"line":17,"column":8}},"loc":{"start":{"line":17,"column":10},"end":{"line":19,"column":5}}},"2":{"name":"(anonymous_2)","decl":{"start":{"line":21,"column":4},"end":{"line":21,"column":9}},"loc":{"start":{"line":21,"column":71},"end":{"line":41,"column":5}}},"3":{"name":"(anonymous_3)","decl":{"start":{"line":23,"column":39},"end":{"line":23,"column":40}},"loc":{"start":{"line":23,"column":45},"end":{"line":26,"column":9}}},"4":{"name":"(anonymous_4)","decl":{"start":{"line":28,"column":50},"end":{"line":28,"column":51}},"loc":{"start":{"line":28,"column":57},"end":{"line":28,"column":98}}},"5":{"name":"(anonymous_5)","decl":{"start":{"line":30,"column":17},"end":{"line":30,"column":18}},"loc":{"start":{"line":30,"column":32},"end":{"line":38,"column":24}}},"6":{"name":"(anonymous_6)","decl":{"start":{"line":43,"column":4},"end":{"line":43,"column":9}},"loc":{"start":{"line":43,"column":121},"end":{"line":93,"column":5}}},"7":{"name":"(anonymous_7)","decl":{"start":{"line":95,"column":4},"end":{"line":95,"column":9}},"loc":{"start":{"line":95,"column":93},"end":{"line":104,"column":5}}},"8":{"name":"(anonymous_8)","decl":{"start":{"line":107,"column":12},"end":{"line":107,"column":17}},"loc":{"start":{"line":107,"column":81},"end":{"line":129,"column":5}}}},"branchMap":{"0":{"loc":{"start":{"line":24,"column":17},"end":{"line":25,"column":126}},"type":"binary-expr","locations":[{"start":{"line":24,"column":17},"end":{"line":24,"column":70}},{"start":{"line":24,"column":74},"end":{"line":24,"column":128}},{"start":{"line":25,"column":15},"end":{"line":25,"column":69}},{"start":{"line":25,"column":73},"end":{"line":25,"column":126}}]},"1":{"loc":{"start":{"line":84,"column":12},"end":{"line":87,"column":13}},"type":"if","locations":[{"start":{"line":84,"column":12},"end":{"line":87,"column":13}}]}},"s":{"0":0,"1":0,"2":0,"3":0,"4":0,"5":0,"6":0,"7":0,"8":0,"9":0,"10":0,"11":0,"12":0,"13":0,"14":0,"15":0,"16":0,"17":0,"18":0,"19":0,"20":0,"21":0,"22":0,"23":0,"24":0,"25":0,"26":0,"27":0,"28":0,"29":0,"30":0,"31":0,"32":0},"f":{"0":0,"1":0,"2":0,"3":0,"4":0,"5":0,"6":0,"7":0,"8":0},"b":{"0":[0,0,0,0],"1":[0]}}
,"E:\\eterna\\assessment-1\\eterna-assessment-1\\src\\infrastructure\\dexes\\raydium_dex_adapter.ts": {"path":"E:\\eterna\\assessment-1\\eterna-assessment-1\\src\\infrastructure\\dexes\\raydium_dex_adapter.ts","statementMap":{"0":{"start":{"line":10,"column":25},"end":{"line":10,"column":47}},"1":{"start":{"line":14,"column":24},"end":{"line":17,"column":10}},"2":{"start":{"line":19,"column":27},"end":{"line":24,"column":49}},"3":{"start":{"line":24,"column":27},"end":{"line":24,"column":48}},"4":{"start":{"line":27,"column":24},"end":{"line":27,"column":51}},"5":{"start":{"line":27,"column":46},"end":{"line":27,"column":50}},"6":{"start":{"line":28,"column":22},"end":{"line":28,"column":65}},"7":{"start":{"line":30,"column":32},"end":{"line":30,"column":34}},"8":{"start":{"line":31,"column":8},"end":{"line":60,"column":9}},"9":{"start":{"line":32,"column":25},"end":{"line":32,"column":39}},"10":{"start":{"line":34,"column":31},"end":{"line":42,"column":null}},"11":{"start":{"line":45,"column":33},"end":{"line":58,"column":14}},"12":{"start":{"line":59,"column":12},"end":{"line":59,"column":31}},"13":{"start":{"line":62,"column":8},"end":{"line":62,"column":22}},"14":{"start":{"line":66,"column":24},"end":{"line":70,"column":10}},"15":{"start":{"line":72,"column":21},"end":{"line":72,"column":83}},"16":{"start":{"line":74,"column":27},"end":{"line":82,"column":null}},"17":{"start":{"line":85,"column":41},"end":{"line":94,"column":10}},"18":{"start":{"line":96,"column":25},"end":{"line":96,"column":40}},"19":{"start":{"line":98,"column":8},"end":{"line":98,"column":20}},"20":{"start":{"line":102,"column":8},"end":{"line":102,"column":79}},"21":{"start":{"line":104,"column":8},"end":{"line":104,"column":94}},"22":{"start":{"line":108,"column":8},"end":{"line":108,"column":25}}},"fnMap":{"0":{"name":"(anonymous_0)","decl":{"start":{"line":9,"column":4},"end":{"line":9,"column":null}},"loc":{"start":{"line":10,"column":47},"end":{"line":11,"column":8}}},"1":{"name":"(anonymous_1)","decl":{"start":{"line":13,"column":4},"end":{"line":13,"column":9}},"loc":{"start":{"line":13,"column":71},"end":{"line":63,"column":5}}},"2":{"name":"(anonymous_2)","decl":{"start":{"line":24,"column":20},"end":{"line":24,"column":21}},"loc":{"start":{"line":24,"column":27},"end":{"line":24,"column":48}}},"3":{"name":"(anonymous_3)","decl":{"start":{"line":27,"column":39},"end":{"line":27,"column":40}},"loc":{"start":{"line":27,"column":46},"end":{"line":27,"column":50}}},"4":{"name":"(anonymous_4)","decl":{"start":{"line":65,"column":4},"end":{"line":65,"column":9}},"loc":{"start":{"line":65,"column":121},"end":{"line":99,"column":5}}},"5":{"name":"(anonymous_5)","decl":{"start":{"line":101,"column":4},"end":{"line":101,"column":9}},"loc":{"start":{"line":101,"column":93},"end":{"line":105,"column":5}}},"6":{"name":"(anonymous_6)","decl":{"start":{"line":107,"column":4},"end":{"line":107,"column":8}},"loc":{"start":{"line":107,"column":10},"end":{"line":109,"column":5}}}},"branchMap":{},"s":{"0":0,"1":0,"2":0,"3":0,"4":0,"5":0,"6":0,"7":0,"8":0,"9":0,"10":0,"11":0,"12":0,"13":0,"14":0,"15":0,"16":0,"17":0,"18":0,"19":0,"20":0,"21":0,"22":0},"f":{"0":0,"1":0,"2":0,"3":0,"4":0,"5":0,"6":0},"b":{}}
,"E:\\eterna\\assessment-1\\eterna-assessment-1\\src\\infrastructure\\dexes\\utils.ts": {"path":"E:\\eterna\\assessment-1\\eterna-assessment-1\\src\\infrastructure\\dexes\\utils.ts","statementMap":{"0":{"start":{"line":5,"column":14},"end":{"line":7,"column":4}},"1":{"start":{"line":9,"column":25},"end":{"line":23,"column":3}},"2":{"start":{"line":10,"column":29},"end":{"line":13,"column":14}},"3":{"start":{"line":11,"column":21},"end":{"line":11,"column":48}},"4":{"start":{"line":15,"column":30},"end":{"line":18,"column":14}},"5":{"start":{"line":16,"column":21},"end":{"line":16,"column":48}},"6":{"start":{"line":20,"column":4},"end":{"line":22,"column":64}},"7":{"start":{"line":25,"column":2},"end":{"line":28,"column":null}}},"fnMap":{"0":{"name":"getFinalSwapAmounts","decl":{"start":{"line":4,"column":22},"end":{"line":4,"column":41}},"loc":{"start":{"line":4,"column":125},"end":{"line":29,"column":1}}},"1":{"name":"(anonymous_1)","decl":{"start":{"line":9,"column":25},"end":{"line":9,"column":26}},"loc":{"start":{"line":9,"column":60},"end":{"line":23,"column":3}}},"2":{"name":"(anonymous_2)","decl":{"start":{"line":11,"column":14},"end":{"line":11,"column":15}},"loc":{"start":{"line":11,"column":21},"end":{"line":11,"column":48}}},"3":{"name":"(anonymous_3)","decl":{"start":{"line":16,"column":14},"end":{"line":16,"column":15}},"loc":{"start":{"line":16,"column":21},"end":{"line":16,"column":48}}}},"branchMap":{"0":{"loc":{"start":{"line":20,"column":11},"end":{"line":22,"column":63}},"type":"cond-expr","locations":[{"start":{"line":21,"column":8},"end":{"line":21,"column":63}},{"start":{"line":22,"column":8},"end":{"line":22,"column":63}}]}},"s":{"0":0,"1":0,"2":0,"3":0,"4":0,"5":0,"6":0,"7":0},"f":{"0":0,"1":0,"2":0,"3":0},"b":{"0":[0,0]}}
,"E:\\eterna\\assessment-1\\eterna-assessment-1\\src\\infrastructure\\repositories\\order_repository\\prisma_order_repository.ts": {"path":"E:\\eterna\\assessment-1\\eterna-assessment-1\\src\\infrastructure\\repositories\\order_repository\\prisma_order_repository.ts","statementMap":{"0":{"start":{"line":15,"column":25},"end":{"line":15,"column":45}},"1":{"start":{"line":19,"column":24},"end":{"line":21,"column":10}},"2":{"start":{"line":23,"column":8},"end":{"line":23,"column":34}},"3":{"start":{"line":23,"column":22},"end":{"line":23,"column":34}},"4":{"start":{"line":25,"column":28},"end":{"line":49,"column":10}},"5":{"start":{"line":51,"column":8},"end":{"line":51,"column":27}},"6":{"start":{"line":55,"column":8},"end":{"line":96,"column":11}},"7":{"start":{"line":101,"column":4},"end":{"line":110,"column":5}},"8":{"start":{"line":103,"column":12},"end":{"line":103,"column":43}},"9":{"start":{"line":106,"column":12},"end":{"line":106,"column":40}},"10":{"start":{"line":109,"column":12},"end":{"line":109,"column":41}},"11":{"start":{"line":114,"column":4},"end":{"line":121,"column":5}},"12":{"start":{"line":116,"column":12},"end":{"line":116,"column":41}},"13":{"start":{"line":118,"column":12},"end":{"line":118,"column":38}},"14":{"start":{"line":120,"column":12},"end":{"line":120,"column":39}},"15":{"start":{"line":125,"column":4},"end":{"line":130,"column":5}},"16":{"start":{"line":127,"column":12},"end":{"line":127,"column":53}},"17":{"start":{"line":129,"column":12},"end":{"line":129,"column":49}},"18":{"start":{"line":134,"column":4},"end":{"line":139,"column":5}},"19":{"start":{"line":136,"column":12},"end":{"line":136,"column":51}},"20":{"start":{"line":138,"column":12},"end":{"line":138,"column":47}},"21":{"start":{"line":143,"column":4},"end":{"line":151,"column":5}},"22":{"start":{"line":145,"column":12},"end":{"line":145,"column":31}},"23":{"start":{"line":147,"column":12},"end":{"line":147,"column":31}},"24":{"start":{"line":150,"column":12},"end":{"line":150,"column":56}},"25":{"start":{"line":155,"column":4},"end":{"line":160,"column":5}},"26":{"start":{"line":157,"column":12},"end":{"line":157,"column":29}},"27":{"start":{"line":159,"column":12},"end":{"line":159,"column":29}}},"fnMap":{"0":{"name":"(anonymous_0)","decl":{"start":{"line":14,"column":4},"end":{"line":14,"column":null}},"loc":{"start":{"line":15,"column":45},"end":{"line":16,"column":8}}},"1":{"name":"(anonymous_1)","decl":{"start":{"line":18,"column":4},"end":{"line":18,"column":9}},"loc":{"start":{"line":18,"column":32},"end":{"line":52,"column":5}}},"2":{"name":"(anonymous_2)","decl":{"start":{"line":54,"column":4},"end":{"line":54,"column":9}},"loc":{"start":{"line":54,"column":27},"end":{"line":97,"column":5}}},"3":{"name":"mapOrderStatusToDb","decl":{"start":{"line":100,"column":9},"end":{"line":100,"column":27}},"loc":{"start":{"line":100,"column":52},"end":{"line":111,"column":1}}},"4":{"name":"mapOrderStatusFromDb","decl":{"start":{"line":113,"column":9},"end":{"line":113,"column":29}},"loc":{"start":{"line":113,"column":47},"end":{"line":122,"column":1}}},"5":{"name":"mapFailureReasonToDb","decl":{"start":{"line":124,"column":9},"end":{"line":124,"column":29}},"loc":{"start":{"line":124,"column":61},"end":{"line":131,"column":1}}},"6":{"name":"mapFailureReasonFromDb","decl":{"start":{"line":133,"column":9},"end":{"line":133,"column":31}},"loc":{"start":{"line":133,"column":56},"end":{"line":140,"column":1}}},"7":{"name":"mapDexToDb","decl":{"start":{"line":142,"column":9},"end":{"line":142,"column":19}},"loc":{"start":{"line":142,"column":34},"end":{"line":152,"column":1}}},"8":{"name":"mapDexToDomain","decl":{"start":{"line":154,"column":9},"end":{"line":154,"column":23}},"loc":{"start":{"line":154,"column":31},"end":{"line":161,"column":1}}}},"branchMap":{"0":{"loc":{"start":{"line":23,"column":8},"end":{"line":23,"column":34}},"type":"if","locations":[{"start":{"line":23,"column":8},"end":{"line":23,"column":34}}]},"1":{"loc":{"start":{"line":37,"column":29},"end":{"line":37,"column":65}},"type":"binary-expr","locations":[{"start":{"line":37,"column":29},"end":{"line":37,"column":52}},{"start":{"line":37,"column":56},"end":{"line":37,"column":65}}]},"2":{"loc":{"start":{"line":38,"column":19},"end":{"line":38,"column":76}},"type":"cond-expr","locations":[{"start":{"line":38,"column":35},"end":{"line":38,"column":64}},{"start":{"line":38,"column":67},"end":{"line":38,"column":76}}]},"3":{"loc":{"start":{"line":39,"column":20},"end":{"line":39,"column":78}},"type":"cond-expr","locations":[{"start":{"line":39,"column":37},"end":{"line":39,"column":66}},{"start":{"line":39,"column":69},"end":{"line":39,"column":78}}]},"4":{"loc":{"start":{"line":40,"column":27},"end":{"line":40,"column":112}},"type":"cond-expr","locations":[{"start":{"line":40,"column":60},"end":{"line":40,"column":69}},{"start":{"line":40,"column":72},"end":{"line":40,"column":112}}]},"5":{"loc":{"start":{"line":41,"column":28},"end":{"line":41,"column":115}},"type":"cond-expr","locations":[{"start":{"line":41,"column":62},"end":{"line":41,"column":71}},{"start":{"line":41,"column":74},"end":{"line":41,"column":115}}]},"6":{"loc":{"start":{"line":44,"column":25},"end":{"line":44,"column":57}},"type":"binary-expr","locations":[{"start":{"line":44,"column":25},"end":{"line":44,"column":44}},{"start":{"line":44,"column":48},"end":{"line":44,"column":57}}]},"7":{"loc":{"start":{"line":46,"column":27},"end":{"line":48,"column":27}},"type":"cond-expr","locations":[{"start":{"line":47,"column":18},"end":{"line":47,"column":63}},{"start":{"line":48,"column":18},"end":{"line":48,"column":27}}]},"8":{"loc":{"start":{"line":70,"column":33},"end":{"line":70,"column":62}},"type":"binary-expr","locations":[{"start":{"line":70,"column":33},"end":{"line":70,"column":54}},{"start":{"line":70,"column":58},"end":{"line":70,"column":62}}]},"9":{"loc":{"start":{"line":71,"column":23},"end":{"line":71,"column":67}},"type":"cond-expr","locations":[{"start":{"line":71,"column":37},"end":{"line":71,"column":60}},{"start":{"line":71,"column":63},"end":{"line":71,"column":67}}]},"10":{"loc":{"start":{"line":72,"column":24},"end":{"line":72,"column":69}},"type":"cond-expr","locations":[{"start":{"line":72,"column":39},"end":{"line":72,"column":62}},{"start":{"line":72,"column":65},"end":{"line":72,"column":69}}]},"11":{"loc":{"start":{"line":73,"column":31},"end":{"line":73,"column":98}},"type":"cond-expr","locations":[{"start":{"line":73,"column":53},"end":{"line":73,"column":91}},{"start":{"line":73,"column":94},"end":{"line":73,"column":98}}]},"12":{"loc":{"start":{"line":74,"column":32},"end":{"line":74,"column":101}},"type":"cond-expr","locations":[{"start":{"line":74,"column":55},"end":{"line":74,"column":94}},{"start":{"line":74,"column":97},"end":{"line":74,"column":101}}]},"13":{"loc":{"start":{"line":77,"column":29},"end":{"line":77,"column":73}},"type":"cond-expr","locations":[{"start":{"line":77,"column":49},"end":{"line":77,"column":66}},{"start":{"line":77,"column":69},"end":{"line":77,"column":73}}]},"14":{"loc":{"start":{"line":78,"column":31},"end":{"line":80,"column":26}},"type":"cond-expr","locations":[{"start":{"line":79,"column":22},"end":{"line":79,"column":63}},{"start":{"line":80,"column":22},"end":{"line":80,"column":26}}]},"15":{"loc":{"start":{"line":85,"column":31},"end":{"line":85,"column":98}},"type":"cond-expr","locations":[{"start":{"line":85,"column":53},"end":{"line":85,"column":91}},{"start":{"line":85,"column":94},"end":{"line":85,"column":98}}]},"16":{"loc":{"start":{"line":86,"column":32},"end":{"line":86,"column":101}},"type":"cond-expr","locations":[{"start":{"line":86,"column":55},"end":{"line":86,"column":94}},{"start":{"line":86,"column":97},"end":{"line":86,"column":101}}]},"17":{"loc":{"start":{"line":88,"column":23},"end":{"line":88,"column":67}},"type":"cond-expr","locations":[{"start":{"line":88,"column":37},"end":{"line":88,"column":60}},{"start":{"line":88,"column":63},"end":{"line":88,"column":67}}]},"18":{"loc":{"start":{"line":89,"column":24},"end":{"line":89,"column":69}},"type":"cond-expr","locations":[{"start":{"line":89,"column":39},"end":{"line":89,"column":62}},{"start":{"line":89,"column":65},"end":{"line":89,"column":69}}]},"19":{"loc":{"start":{"line":91,"column":29},"end":{"line":91,"column":73}},"type":"cond-expr","locations":[{"start":{"line":91,"column":49},"end":{"line":91,"column":66}},{"start":{"line":91,"column":69},"end":{"line":91,"column":73}}]},"20":{"loc":{"start":{"line":92,"column":31},"end":{"line":94,"column":26}},"type":"cond-expr","locations":[{"start":{"line":93,"column":22},"end":{"line":93,"column":63}},{"start":{"line":94,"column":22},"end":{"line":94,"column":26}}]},"21":{"loc":{"start":{"line":101,"column":4},"end":{"line":110,"column":5}},"type":"switch","locations":[{"start":{"line":102,"column":8},"end":{"line":103,"column":43}},{"start":{"line":105,"column":8},"end":{"line":106,"column":40}},{"start":{"line":108,"column":8},"end":{"line":109,"column":41}}]},"22":{"loc":{"start":{"line":114,"column":4},"end":{"line":121,"column":5}},"type":"switch","locations":[{"start":{"line":115,"column":8},"end":{"line":116,"column":41}},{"start":{"line":117,"column":8},"end":{"line":118,"column":38}},{"start":{"line":119,"column":8},"end":{"line":120,"column":39}}]},"23":{"loc":{"start":{"line":125,"column":4},"end":{"line":130,"column":5}},"type":"switch","locations":[{"start":{"line":126,"column":8},"end":{"line":127,"column":53}},{"start":{"line":128,"column":8},"end":{"line":129,"column":49}}]},"24":{"loc":{"start":{"line":134,"column":4},"end":{"line":139,"column":5}},"type":"switch","locations":[{"start":{"line":135,"column":8},"end":{"line":136,"column":51}},{"start":{"line":137,"column":8},"end":{"line":138,"column":47}}]},"25":{"loc":{"start":{"line":143,"column":4},"end":{"line":151,"column":5}},"type":"switch","locations":[{"start":{"line":144,"column":8},"end":{"line":145,"column":31}},{"start":{"line":146,"column":8},"end":{"line":147,"column":31}},{"start":{"line":149,"column":8},"end":{"line":150,"column":56}}]},"26":{"loc":{"start":{"line":155,"column":4},"end":{"line":160,"column":5}},"type":"switch","locations":[{"start":{"line":156,"column":8},"end":{"line":157,"column":29}},{"start":{"line":158,"column":8},"end":{"line":159,"column":29}}]}},"s":{"0":0,"1":0,"2":0,"3":0,"4":0,"5":0,"6":0,"7":0,"8":0,"9":0,"10":0,"11":0,"12":0,"13":0,"14":0,"15":0,"16":0,"17":0,"18":0,"19":0,"20":0,"21":0,"22":0,"23":0,"24":0,"25":0,"26":0,"27":0},"f":{"0":0,"1":0,"2":0,"3":0,"4":0,"5":0,"6":0,"7":0,"8":0},"b":{"0":[0],"1":[0,0],"2":[0,0],"3":[0,0],"4":[0,0],"5":[0,0],"6":[0,0],"7":[0,0],"8":[0,0],"9":[0,0],"10":[0,0],"11":[0,0],"12":[0,0],"13":[0,0],"14":[0,0],"15":[0,0],"16":[0,0],"17":[0,0],"18":[0,0],"19":[0,0],"20":[0,0],"21":[0,0,0],"22":[0,0,0],"23":[0,0],"24":[0,0],"25":[0,0,0],"26":[0,0]}}
,"E:\\eterna\\assessment-1\\eterna-assessment-1\\src\\utils\\promise_utils.ts": {"path":"E:\\eterna\\assessment-1\\eterna-assessment-1\\src\\utils\\promise_utils.ts","statementMap":{"0":{"start":{"line":2,"column":4},"end":{"line":4,"column":7}},"1":{"start":{"line":3,"column":8},"end":{"line":3,"column":48}},"2":{"start":{"line":3,"column":25},"end":{"line":3,"column":34}}},"fnMap":{"0":{"name":"wait","decl":{"start":{"line":1,"column":22},"end":{"line":1,"column":26}},"loc":{"start":{"line":1,"column":45},"end":{"line":5,"column":1}}},"1":{"name":"(anonymous_1)","decl":{"start":{"line":2,"column":23},"end":{"line":2,"column":24}},"loc":{"start":{"line":2,"column":38},"end":{"line":4,"column":5}}},"2":{"name":"(anonymous_2)","decl":{"start":{"line":3,"column":19},"end":{"line":3,"column":22}},"loc":{"start":{"line":3,"column":25},"end":{"line":3,"column":34}}}},"branchMap":{},"s":{"0":12,"1":12,"2":10},"f":{"0":12,"1":12,"2":10},"b":{}}
}
