TN:
SF:src\bullmq_worker.ts
FN:7,setupBullMQProcessor
FN:12,(anonymous_1)
FNF:2
FNH:0
FNDA:0,setupBullMQProcessor
FNDA:0,(anonymous_1)
DA:8,0
DA:10,0
DA:13,0
DA:15,0
DA:16,0
DA:18,0
DA:19,0
DA:23,0
DA:24,0
LF:9
LH:0
BRDA:16,0,0,0
BRF:1
BRH:0
end_of_record
TN:
SF:src\di_container.ts
FN:17,setupDiContainer
FN:21,(anonymous_1)
FN:28,(anonymous_2)
FN:38,(anonymous_3)
FNF:4
FNH:0
FNDA:0,setupDiContainer
FNDA:0,(anonymous_1)
FNDA:0,(anonymous_2)
FNDA:0,(anonymous_3)
DA:18,0
DA:20,0
DA:21,0
DA:29,0
DA:38,0
LF:5
LH:0
BRF:0
BRH:0
end_of_record
TN:
SF:src\logger.ts
FNF:0
FNH:0
DA:3,0
LF:1
LH:0
BRF:0
BRH:0
end_of_record
TN:
SF:src\prisma.ts
FNF:0
FNH:0
DA:5,0
DA:7,0
DA:8,0
LF:3
LH:0
BRF:0
BRH:0
end_of_record
TN:
SF:src\api\routes\orders\execute.ts
FN:9,executeRouteHandler
FNF:1
FNH:0
FNDA:0,executeRouteHandler
DA:7,0
DA:10,0
DA:12,0
DA:14,0
DA:22,0
LF:5
LH:0
BRF:0
BRH:0
end_of_record
TN:
SF:src\api\routes\orders\progress.ts
FN:7,progressRouteHandler
FN:12,(anonymous_1)
FN:23,(anonymous_2)
FN:31,(anonymous_3)
FN:40,(anonymous_4)
FN:50,isCurrentOrdersJob
FNF:6
FNH:0
FNDA:0,progressRouteHandler
FNDA:0,(anonymous_1)
FNDA:0,(anonymous_2)
FNDA:0,(anonymous_3)
FNDA:0,(anonymous_4)
FNDA:0,isCurrentOrdersJob
DA:5,0
DA:8,0
DA:10,0
DA:12,0
DA:13,0
DA:14,0
DA:17,0
DA:20,0
DA:23,0
DA:24,0
DA:25,0
DA:28,0
DA:31,0
DA:32,0
DA:33,0
DA:36,0
DA:37,0
DA:40,0
DA:41,0
DA:42,0
DA:45,0
DA:46,0
DA:51,0
LF:23
LH:0
BRDA:13,0,0,0
BRDA:24,1,0,0
BRDA:32,2,0,0
BRDA:41,3,0,0
BRF:4
BRH:0
end_of_record
TN:
SF:src\api\routes\orders\router.ts
FN:5,orderRoutes
FNF:1
FNH:0
FNDA:0,orderRoutes
DA:6,0
DA:7,0
DA:10,0
LF:3
LH:0
BRF:0
BRH:0
end_of_record
TN:
SF:src\application\queue_job_processors\execute_order_job_processor.ts
FN:10,(anonymous_0)
FN:15,(anonymous_1)
FN:26,(anonymous_2)
FN:73,mapToDomainFailureReason
FNF:4
FNH:0
FNDA:0,(anonymous_0)
FNDA:0,(anonymous_1)
FNDA:0,(anonymous_2)
FNDA:0,mapToDomainFailureReason
DA:11,0
DA:12,0
DA:16,0
DA:20,0
DA:21,0
DA:22,0
DA:25,0
DA:26,0
DA:27,0
DA:34,0
DA:35,0
DA:36,0
DA:37,0
DA:38,0
DA:41,0
DA:50,0
DA:53,0
DA:56,0
DA:57,0
DA:58,0
DA:60,0
DA:74,0
DA:76,0
DA:79,0
LF:24
LH:0
BRDA:34,0,0,0
BRDA:35,1,0,0
BRDA:74,2,0,0
BRDA:74,2,1,0
BRF:4
BRH:0
end_of_record
TN:
SF:src\application\services\order_service.ts
FN:9,(anonymous_0)
FN:14,(anonymous_1)
FNF:2
FNH:0
FNDA:0,(anonymous_0)
FNDA:0,(anonymous_1)
DA:10,0
DA:11,0
DA:15,0
DA:17,0
DA:19,0
DA:20,0
DA:26,0
DA:28,0
LF:8
LH:0
BRF:0
BRH:0
end_of_record
TN:
SF:src\domain\dex_registry.ts
FN:6,(anonymous_0)
FN:15,(anonymous_1)
FN:20,(anonymous_2)
FNF:3
FNH:2
FNDA:6,(anonymous_0)
FNDA:6,(anonymous_1)
FNDA:0,(anonymous_2)
DA:9,6
DA:10,6
DA:11,12
DA:16,6
DA:21,0
LF:5
LH:4
BRF:0
BRH:0
end_of_record
TN:
SF:src\domain\dex_router.ts
FN:10,(anonymous_0)
FN:14,(anonymous_1)
FN:15,(anonymous_2)
FN:23,(anonymous_3)
FNF:4
FNH:4
FNDA:6,(anonymous_0)
FNDA:6,(anonymous_1)
FNDA:12,(anonymous_2)
FNDA:10,(anonymous_3)
DA:8,2
DA:11,6
DA:15,6
DA:16,12
DA:21,6
DA:22,5
DA:23,10
DA:26,5
DA:27,1
DA:30,4
DA:31,4
DA:32,3
DA:34,3
DA:35,0
DA:38,3
DA:39,3
DA:47,4
LF:17
LH:16
BRDA:23,0,0,10
BRDA:23,0,1,9
BRDA:26,1,0,1
BRDA:34,2,0,0
BRDA:34,3,0,3
BRDA:34,3,1,3
BRDA:38,4,0,3
BRF:7
BRH:6
end_of_record
TN:
SF:src\domain\order_executor.ts
FN:19,(anonymous_0)
FN:25,(anonymous_1)
FN:43,(anonymous_2)
FN:71,(anonymous_3)
FN:97,(anonymous_4)
FN:120,(anonymous_5)
FN:126,(anonymous_6)
FN:132,(anonymous_7)
FNF:8
FNH:8
FNDA:6,(anonymous_0)
FNDA:7,(anonymous_1)
FNDA:7,(anonymous_2)
FNDA:4,(anonymous_3)
FNDA:3,(anonymous_4)
FNDA:1,(anonymous_5)
FNDA:1,(anonymous_6)
FNDA:2,(anonymous_7)
DA:20,6
DA:21,6
DA:22,6
DA:26,7
DA:28,4
DA:30,4
DA:32,3
DA:34,2
DA:44,7
DA:45,7
DA:48,7
DA:49,7
DA:52,1
DA:53,1
DA:56,1
DA:59,6
DA:60,2
DA:61,2
DA:63,2
DA:66,4
DA:68,4
DA:72,4
DA:73,4
DA:75,4
DA:76,4
DA:81,4
DA:82,4
DA:85,1
DA:86,1
DA:89,1
DA:91,3
DA:92,3
DA:94,3
DA:99,3
DA:100,3
DA:103,1
DA:104,1
DA:107,1
DA:109,2
DA:111,2
DA:120,1
DA:121,1
DA:122,1
DA:123,1
DA:126,1
DA:127,1
DA:128,1
DA:133,2
DA:135,2
DA:137,2
LF:50
LH:50
BRDA:52,0,0,1
BRDA:59,1,0,2
BRDA:85,2,0,1
BRDA:103,3,0,1
BRDA:120,4,0,1
BRDA:120,4,1,1
BRDA:126,5,0,1
BRDA:126,5,1,1
BRF:8
BRH:8
end_of_record
TN:
SF:src\domain\order\order.ts
FN:26,(anonymous_0)
FN:69,(anonymous_1)
FN:94,(anonymous_2)
FN:110,(anonymous_3)
FN:120,(anonymous_4)
FN:126,(anonymous_5)
FN:132,(anonymous_6)
FNF:7
FNH:7
FNDA:9,(anonymous_0)
FNDA:8,(anonymous_1)
FNDA:5,(anonymous_2)
FNDA:6,(anonymous_3)
FNDA:1,(anonymous_4)
FNDA:1,(anonymous_5)
FNDA:5,(anonymous_6)
DA:47,9
DA:49,9
DA:51,9
DA:52,9
DA:53,9
DA:54,9
DA:56,9
DA:58,9
DA:59,9
DA:60,9
DA:61,9
DA:62,9
DA:65,9
DA:66,9
DA:70,8
DA:95,5
DA:96,2
DA:99,3
DA:100,3
DA:101,3
DA:102,3
DA:103,3
DA:105,3
DA:107,3
DA:111,6
DA:112,2
DA:115,4
DA:116,4
DA:120,1
DA:121,1
DA:122,1
DA:123,1
DA:126,1
DA:127,1
DA:128,1
DA:133,5
LF:36
LH:36
BRDA:95,0,0,2
BRDA:111,1,0,2
BRDA:120,2,0,1
BRDA:120,2,1,1
BRDA:126,3,0,1
BRDA:126,3,1,1
BRF:6
BRH:6
end_of_record
TN:
SF:src\generated\prisma\client.ts
FNF:0
FNH:0
DA:16,0
DA:38,0
LF:2
LH:0
BRF:0
BRH:0
end_of_record
TN:
SF:src\generated\prisma\enums.ts
FNF:0
FNH:0
DA:12,0
DA:21,0
DA:29,0
LF:3
LH:0
BRF:0
BRH:0
end_of_record
TN:
SF:src\generated\prisma\internal\class.ts
FN:33,decodeBase64AsWasm
FN:40,(anonymous_1)
FN:42,(anonymous_2)
FN:188,getPrismaClientClass
FNF:4
FNH:0
FNDA:0,decodeBase64AsWasm
FNDA:0,(anonymous_1)
FNDA:0,(anonymous_2)
FNDA:0,getPrismaClientClass
DA:18,0
DA:31,0
DA:34,0
DA:35,0
DA:36,0
DA:39,0
DA:40,0
DA:43,0
DA:44,0
DA:189,0
LF:10
LH:0
BRF:0
BRH:0
end_of_record
TN:
SF:src\generated\prisma\internal\prismaNamespace.ts
FNF:0
FNH:0
DA:32,0
DA:35,0
DA:38,0
DA:41,0
DA:44,0
DA:50,0
DA:51,0
DA:52,0
DA:53,0
DA:54,0
DA:62,0
DA:71,0
DA:86,0
DA:104,0
DA:114,0
DA:121,0
DA:128,0
DA:386,0
DA:510,0
DA:520,0
DA:542,0
DA:550,0
DA:558,0
DA:690,0
LF:24
LH:0
BRF:0
BRH:0
end_of_record
TN:
SF:src\generated\prisma\internal\prismaNamespaceBrowser.ts
FNF:0
FNH:0
DA:23,0
DA:26,0
DA:36,0
DA:43,0
DA:50,0
DA:53,0
DA:63,0
DA:73,0
DA:95,0
DA:103,0
DA:111,0
LF:11
LH:0
BRF:0
BRH:0
end_of_record
TN:
SF:src\infrastructure\dexes\meteora_dex_adapter.ts
FN:11,(anonymous_0)
FN:17,(anonymous_1)
FN:21,(anonymous_2)
FN:23,(anonymous_3)
FN:28,(anonymous_4)
FN:30,(anonymous_5)
FN:43,(anonymous_6)
FN:95,(anonymous_7)
FN:107,(anonymous_8)
FNF:9
FNH:0
FNDA:0,(anonymous_0)
FNDA:0,(anonymous_1)
FNDA:0,(anonymous_2)
FNDA:0,(anonymous_3)
FNDA:0,(anonymous_4)
FNDA:0,(anonymous_5)
FNDA:0,(anonymous_6)
FNDA:0,(anonymous_7)
FNDA:0,(anonymous_8)
DA:12,0
DA:14,0
DA:18,0
DA:22,0
DA:23,0
DA:24,0
DA:28,0
DA:29,0
DA:30,0
DA:40,0
DA:44,0
DA:46,0
DA:51,0
DA:52,0
DA:54,0
DA:55,0
DA:57,0
DA:79,0
DA:80,0
DA:84,0
DA:85,0
DA:86,0
DA:89,0
DA:92,0
DA:96,0
DA:98,0
DA:100,0
DA:108,0
DA:113,0
DA:114,0
DA:116,0
DA:128,0
LF:32
LH:0
BRDA:24,0,0,0
BRDA:24,0,1,0
BRDA:24,0,2,0
BRDA:24,0,3,0
BRDA:84,1,0,0
BRF:5
BRH:0
end_of_record
TN:
SF:src\infrastructure\dexes\raydium_dex_adapter.ts
FN:9,(anonymous_0)
FN:13,(anonymous_1)
FN:24,(anonymous_2)
FN:27,(anonymous_3)
FN:65,(anonymous_4)
FN:101,(anonymous_5)
FN:107,(anonymous_6)
FNF:7
FNH:0
FNDA:0,(anonymous_0)
FNDA:0,(anonymous_1)
FNDA:0,(anonymous_2)
FNDA:0,(anonymous_3)
FNDA:0,(anonymous_4)
FNDA:0,(anonymous_5)
FNDA:0,(anonymous_6)
DA:10,0
DA:14,0
DA:19,0
DA:24,0
DA:27,0
DA:28,0
DA:30,0
DA:31,0
DA:32,0
DA:34,0
DA:45,0
DA:59,0
DA:62,0
DA:66,0
DA:72,0
DA:74,0
DA:85,0
DA:96,0
DA:98,0
DA:102,0
DA:104,0
DA:108,0
LF:22
LH:0
BRF:0
BRH:0
end_of_record
TN:
SF:src\infrastructure\dexes\utils.ts
FN:4,getFinalSwapAmounts
FN:9,(anonymous_1)
FN:11,(anonymous_2)
FN:16,(anonymous_3)
FNF:4
FNH:0
FNDA:0,getFinalSwapAmounts
FNDA:0,(anonymous_1)
FNDA:0,(anonymous_2)
FNDA:0,(anonymous_3)
DA:5,0
DA:9,0
DA:10,0
DA:11,0
DA:15,0
DA:16,0
DA:20,0
DA:25,0
LF:8
LH:0
BRDA:20,0,0,0
BRDA:20,0,1,0
BRF:2
BRH:0
end_of_record
TN:
SF:src\infrastructure\repositories\order_repository\prisma_order_repository.ts
FN:14,(anonymous_0)
FN:18,(anonymous_1)
FN:54,(anonymous_2)
FN:100,mapOrderStatusToDb
FN:113,mapOrderStatusFromDb
FN:124,mapFailureReasonToDb
FN:133,mapFailureReasonFromDb
FN:142,mapDexToDb
FN:154,mapDexToDomain
FNF:9
FNH:0
FNDA:0,(anonymous_0)
FNDA:0,(anonymous_1)
FNDA:0,(anonymous_2)
FNDA:0,mapOrderStatusToDb
FNDA:0,mapOrderStatusFromDb
FNDA:0,mapFailureReasonToDb
FNDA:0,mapFailureReasonFromDb
FNDA:0,mapDexToDb
FNDA:0,mapDexToDomain
DA:15,0
DA:19,0
DA:23,0
DA:25,0
DA:51,0
DA:55,0
DA:101,0
DA:103,0
DA:106,0
DA:109,0
DA:114,0
DA:116,0
DA:118,0
DA:120,0
DA:125,0
DA:127,0
DA:129,0
DA:134,0
DA:136,0
DA:138,0
DA:143,0
DA:145,0
DA:147,0
DA:150,0
DA:155,0
DA:157,0
DA:159,0
LF:27
LH:0
BRDA:23,0,0,0
BRDA:37,1,0,0
BRDA:37,1,1,0
BRDA:38,2,0,0
BRDA:38,2,1,0
BRDA:39,3,0,0
BRDA:39,3,1,0
BRDA:40,4,0,0
BRDA:40,4,1,0
BRDA:41,5,0,0
BRDA:41,5,1,0
BRDA:44,6,0,0
BRDA:44,6,1,0
BRDA:46,7,0,0
BRDA:46,7,1,0
BRDA:70,8,0,0
BRDA:70,8,1,0
BRDA:71,9,0,0
BRDA:71,9,1,0
BRDA:72,10,0,0
BRDA:72,10,1,0
BRDA:73,11,0,0
BRDA:73,11,1,0
BRDA:74,12,0,0
BRDA:74,12,1,0
BRDA:77,13,0,0
BRDA:77,13,1,0
BRDA:78,14,0,0
BRDA:78,14,1,0
BRDA:85,15,0,0
BRDA:85,15,1,0
BRDA:86,16,0,0
BRDA:86,16,1,0
BRDA:88,17,0,0
BRDA:88,17,1,0
BRDA:89,18,0,0
BRDA:89,18,1,0
BRDA:91,19,0,0
BRDA:91,19,1,0
BRDA:92,20,0,0
BRDA:92,20,1,0
BRDA:101,21,0,0
BRDA:101,21,1,0
BRDA:101,21,2,0
BRDA:114,22,0,0
BRDA:114,22,1,0
BRDA:114,22,2,0
BRDA:125,23,0,0
BRDA:125,23,1,0
BRDA:134,24,0,0
BRDA:134,24,1,0
BRDA:143,25,0,0
BRDA:143,25,1,0
BRDA:143,25,2,0
BRDA:155,26,0,0
BRDA:155,26,1,0
BRF:56
BRH:0
end_of_record
TN:
SF:src\utils\promise_utils.ts
FN:1,wait
FN:2,(anonymous_1)
FN:3,(anonymous_2)
FNF:3
FNH:3
FNDA:12,wait
FNDA:12,(anonymous_1)
FNDA:10,(anonymous_2)
DA:2,12
DA:3,12
LF:2
LH:2
BRF:0
BRH:0
end_of_record
